Сборка начата 14.05.2015 10:05:00.
     1>Проект "D:\Taras\Уроки\Курсач\Flood-It\Flood-It\Flood-It.vcxproj" в узле 2 (целевые объекты Build).
     1>ClCompile:
         D:\Taras\Programs\VisualStudio\VC\bin\CL.exe /c /I"SDL-1.2.15\include" /Zi /nologo /W3 /WX- /sdl /MP /O2 /Oi /Oy- /D WIN32 /D NDEBUG /D _WINDOWS /D _UNICODE /D UNICODE /Gm- /EHsc /MD /GS /Gy /fp:precise /Zc:wchar_t /Zc:forScope /Fo"Release\\" /Fd"Release\vc120.pdb" /Gd /TP /analyze- /errorReport:prompt main.cpp
         main.cpp
     1>d:\taras\уроки\курсач\flood-it\flood-it\Button.h(33): warning C4018: <: несоответствие типов со знаком и без знака
     1>d:\taras\уроки\курсач\flood-it\flood-it\ReadRecords.h(79): warning C4800: int: принудительно задано логическое значение "true" или "false" (предупреждение о производительности)
     1>d:\taras\уроки\курсач\flood-it\flood-it\Records.h(46): warning C4018: <: несоответствие типов со знаком и без знака
     1>d:\taras\уроки\курсач\flood-it\flood-it\Records.h(52): warning C4258: i: определение из цикла for игнорируется; используется определение из внешней области видимости
                 d:\taras\уроки\курсач\flood-it\flood-it\Records.h(45): пропуск определения "i"
                 d:\taras\уроки\курсач\flood-it\flood-it\Records.h(38): используется определение "i"
     1>d:\taras\уроки\курсач\flood-it\flood-it\Records.h(54): warning C4258: i: определение из цикла for игнорируется; используется определение из внешней области видимости
                 d:\taras\уроки\курсач\flood-it\flood-it\Records.h(45): пропуск определения "i"
                 d:\taras\уроки\курсач\flood-it\flood-it\Records.h(38): используется определение "i"
     1>d:\taras\уроки\курсач\flood-it\flood-it\Records.h(55): warning C4258: i: определение из цикла for игнорируется; используется определение из внешней области видимости
                 d:\taras\уроки\курсач\flood-it\flood-it\Records.h(45): пропуск определения "i"
                 d:\taras\уроки\курсач\flood-it\flood-it\Records.h(38): используется определение "i"
     1>d:\taras\уроки\курсач\flood-it\flood-it\Keyboard.h(127): warning C4018: <: несоответствие типов со знаком и без знака
     1>main.cpp(43): warning C4244: аргумент: преобразование "time_t" в "unsigned int", возможна потеря данных
       Link:
         D:\Taras\Programs\VisualStudio\VC\bin\link.exe /ERRORREPORT:PROMPT /OUT:"D:\Taras\Уроки\Курсач\Flood-It\Release\Flood-It.exe" /INCREMENTAL:NO /NOLOGO /LIBPATH:"SDL-1.2.15\lib\x86" SDL.lib SDLmain.lib SDL_ttf.lib SDL_image.lib SDL_mixer.lib /MANIFEST /MANIFESTUAC:"level='asInvoker' uiAccess='false'" /manifest:embed /DEBUG /PDB:"D:\Taras\Уроки\Курсач\Flood-It\Release\Flood-It.pdb" /SUBSYSTEM:WINDOWS /OPT:REF /OPT:ICF /TLBID:1 /DYNAMICBASE /NXCOMPAT /IMPLIB:"D:\Taras\Уроки\Курсач\Flood-It\Release\Flood-It.lib" /MACHINE:X86 /SAFESEH "Release\Flood-It.res"
         Release\main.obj
         Flood-It.vcxproj -> D:\Taras\Уроки\Курсач\Flood-It\Release\Flood-It.exe
     1>Сборка проекта "D:\Taras\Уроки\Курсач\Flood-It\Flood-It\Flood-It.vcxproj" завершена (целевые объекты Build).

Сборка успешно завершена.

Затраченное время: 00:00:05.96
